[debug] [2019-01-11T08:36:20.281Z] ----------------------------------------------------------------------
[debug] [2019-01-11T08:36:20.282Z] Command:       /usr/local/bin/node /usr/local/bin/firebase init
[debug] [2019-01-11T08:36:20.283Z] CLI Version:   6.2.2
[debug] [2019-01-11T08:36:20.283Z] Platform:      darwin
[debug] [2019-01-11T08:36:20.283Z] Node Version:  v10.14.2
[debug] [2019-01-11T08:36:20.284Z] Time:          Fri Jan 11 2019 00:36:20 GMT-0800 (Pacific Standard Time)
[debug] [2019-01-11T08:36:20.284Z] ----------------------------------------------------------------------
[debug] 
[debug] [2019-01-11T08:36:20.294Z] > command requires scopes: ["email","openid","https://www.googleapis.com/auth/cloudplatformprojects.readonly","https://www.googleapis.com/auth/firebase","https://www.googleapis.com/auth/cloud-platform"]
[debug] [2019-01-11T08:36:20.294Z] > authorizing via signed-in user
[info] 
     ######## #### ########  ######## ########     ###     ######  ########
     ##        ##  ##     ## ##       ##     ##  ##   ##  ##       ##
     ######    ##  ########  ######   ########  #########  ######  ######
     ##        ##  ##    ##  ##       ##     ## ##     ##       ## ##
     ##       #### ##     ## ######## ########  ##     ##  ######  ########

You're about to initialize a Firebase project in this directory:

  /Users/rouz/Documents/CodingProjects/Angular/race-car

[info] 
=== Project Setup
[info] 
[info] First, let's associate this project directory with a Firebase project.
[info] You can create multiple project aliases by running firebase use --add, 
[info] but for now we'll just set up a default project.
[info] 
[debug] [2019-01-11T08:36:26.015Z] >>> HTTP REQUEST GET https://firebase.googleapis.com/v1beta1/projects?page_size=100  
 
[debug] [2019-01-11T08:36:26.945Z] <<< HTTP RESPONSE 200
